<?xml version="1.0" encoding="UTF-8"?>
<!-- Generated by org.testng.reporters.JUnitReportReporter -->
<testsuite hostname="LAPTOP-LJIGLQGO" failures="0" tests="1" name="testCases.ManageProductTestCases" time="8.964" errors="0" timestamp="13 Mar 2023 09:10:59 GMT" skipped="0">
  <testcase classname="testCases.ManageProductTestCases" name="verifyProductSearchPageLoad" time="8.964"/>
</testsuite> <!-- testCases.ManageProductTestCases -->
