<?xml version="1.0" encoding="UTF-8"?>
<!-- Generated by org.testng.reporters.JUnitReportReporter -->
<testsuite hostname="LAPTOP-LJIGLQGO" failures="0" tests="1" name="testCases.HomePageTestCases" time="6.999" errors="0" timestamp="13 Mar 2023 09:25:45 GMT" skipped="0">
  <testcase classname="testCases.HomePageTestCases" name="verifyHomePageTitle" time="6.999"/>
</testsuite> <!-- testCases.HomePageTestCases -->
