<?xml version="1.0" encoding="UTF-8"?>
<!-- Generated by org.testng.reporters.JUnitReportReporter -->
<testsuite hostname="LAPTOP-LJIGLQGO" failures="0" tests="1" name="testCases.AdminUserTestCases" time="9.310" errors="0" timestamp="13 Mar 2023 09:25:00 GMT" skipped="0">
  <testcase classname="testCases.AdminUserTestCases" name="verifyCreateNewUser" time="9.310"/>
</testsuite> <!-- testCases.AdminUserTestCases -->
