<?xml version="1.0" encoding="UTF-8"?>
<!-- Generated by org.testng.reporters.JUnitReportReporter -->
<testsuite hostname="LAPTOP-LJIGLQGO" failures="0" tests="4" name="testCases.LoginTestCases" time="28.949" errors="0" timestamp="13 Mar 2023 10:34:06 GMT" skipped="0">
  <testcase classname="testCases.LoginTestCases" name="verifyLoginForInValidUserwithExcelDataProvider" time="12.135"/>
  <testcase classname="testCases.LoginTestCases" name="verifyLoginForInValidUserwithExcelDataProvider" time="5.533"/>
  <testcase classname="testCases.LoginTestCases" name="verifyLoginForInValidUserwithExcelDataProvider" time="5.482"/>
  <testcase classname="testCases.LoginTestCases" name="verifyLoginForInValidUserwithExcelDataProvider" time="5.799"/>
</testsuite> <!-- testCases.LoginTestCases -->
