<?xml version="1.0" encoding="UTF-8"?>
<!-- Generated by org.testng.reporters.JUnitReportReporter -->
<testsuite hostname="LAPTOP-LJIGLQGO" failures="0" tests="1" name="testCases.ManageExpensesTestCases" time="14.103" errors="0" timestamp="13 Mar 2023 10:42:20 GMT" skipped="0">
  <testcase classname="testCases.ManageExpensesTestCases" name="verifyAddNewExpenseRecord" time="14.103"/>
</testsuite> <!-- testCases.ManageExpensesTestCases -->
