<?xml version="1.0" encoding="UTF-8"?>
<!-- Generated by org.testng.reporters.JUnitReportReporter -->
<testsuite hostname="LAPTOP-LJIGLQGO" failures="0" tests="1" name="testCases.ExpenseCategoryTestCases" time="10.953" errors="0" timestamp="13 Mar 2023 10:40:19 GMT" skipped="0">
  <testcase classname="testCases.ExpenseCategoryTestCases" name="EditExpenseCategory" time="10.953"/>
</testsuite> <!-- testCases.ExpenseCategoryTestCases -->
